<?xml version="1.0" encoding="UTF-8"?>
<testsuite xmlns:xsi="http://www.w3.org/2001/XMLSchema-instance" xsi:noNamespaceSchemaLocation="https://maven.apache.org/surefire/maven-surefire-plugin/xsd/surefire-test-report-3.0.xsd" version="3.0" name="co.safepet.veterinaria.ClinicaVeterinariaApplicationTests" time="18.113" tests="1" errors="0" skipped="0" failures="0">
  <properties>
[...]
</properties>
  <testcase name="contextLoads" classname="co.safepet.veterinaria.ClinicaVeterinariaApplicationTests" time="0.655">
    <system-out><![CDATA[09:17:39.921 [main] INFO org.springframework.test.context.support.AnnotationConfigContextLoaderUtils -- Could not detect default configuration classes for test class [co.safepet.veterinaria.ClinicaVeterinariaApplicationTests]: ClinicaVeterinariaApplicationTests does not declare any static, non-private, non-final, nested classes annotated with @Configuration.
09:17:40.041 [main] INFO org.springframework.boot.test.context.SpringBootTestContextBootstrapper -- Found @SpringBootConfiguration co.safepet.veterinaria.ClinicaVeterinariaApplication for test class co.safepet.veterinaria.ClinicaVeterinariaApplicationTests

  .   ____          _            __ _ _
 /\\ / ___'_ __ _ _(_)_ __  __ _ \ \ \ \
( ( )\___ | '_ | '_| | '_ \/ _` | \ \ \ \
 \\/  ___)| |_)| | | | | || (_| |  ) ) ) )
  '  |____| .__|_| |_|_| |_\__, | / / / /
 =========|_|==============|___/=/_/_/_/
 :: Spring Boot ::                (v3.1.5)

2023-11-15T09:17:40.520-05:00  INFO 2012 --- [           main] c.s.v.ClinicaVeterinariaApplicationTests : Starting ClinicaVeterinariaApplicationTests using Java 17.0.6 with PID 2012 (started by yosimar.naranjo in C:\Users\yosimar.naranjo\Documents\Paula\Veterinaria-SAFEPET)
2023-11-15T09:17:40.523-05:00  INFO 2012 --- [           main] c.s.v.ClinicaVeterinariaApplicationTests : No active profile set, falling back to 1 default profile: "default"
2023-11-15T09:17:41.626-05:00  INFO 2012 --- [           main] .s.d.r.c.RepositoryConfigurationDelegate : Bootstrapping Spring Data JPA repositories in DEFAULT mode.
2023-11-15T09:17:41.799-05:00  INFO 2012 --- [           main] .s.d.r.c.RepositoryConfigurationDelegate : Finished Spring Data repository scanning in 164 ms. Found 5 JPA repository interfaces.
2023-11-15T09:17:42.334-05:00  INFO 2012 --- [           main] o.hibernate.jpa.internal.util.LogHelper  : HHH000204: Processing PersistenceUnitInfo [name: default]
2023-11-15T09:17:42.405-05:00  INFO 2012 --- [           main] org.hibernate.Version                    : HHH000412: Hibernate ORM core version 6.2.13.Final
2023-11-15T09:17:42.408-05:00  INFO 2012 --- [           main] org.hibernate.cfg.Environment            : HHH000406: Using bytecode reflection optimizer
2023-11-15T09:17:42.866-05:00  INFO 2012 --- [           main] o.s.o.j.p.SpringPersistenceUnitInfo      : No LoadTimeWeaver setup: ignoring JPA class transformer
2023-11-15T09:17:42.904-05:00  INFO 2012 --- [           main] com.zaxxer.hikari.HikariDataSource       : HikariPool-1 - Starting...
2023-11-15T09:17:46.394-05:00  INFO 2012 --- [           main] com.zaxxer.hikari.pool.HikariPool        : HikariPool-1 - Added connection com.mysql.cj.jdbc.ConnectionImpl@66298fe9
2023-11-15T09:17:46.400-05:00  INFO 2012 --- [           main] com.zaxxer.hikari.HikariDataSource       : HikariPool-1 - Start completed.
2023-11-15T09:17:47.012-05:00  WARN 2012 --- [           main] org.hibernate.orm.deprecation            : HHH90000025: MySQLDialect does not need to be specified explicitly using 'hibernate.dialect' (remove the property setting and it will be selected by default)
2023-11-15T09:17:48.335-05:00  INFO 2012 --- [           main] o.h.e.t.j.p.i.JtaPlatformInitiator       : HHH000489: No JTA platform available (set 'hibernate.transaction.jta.platform' to enable JTA platform integration)
2023-11-15T09:17:55.370-05:00  INFO 2012 --- [           main] j.LocalContainerEntityManagerFactoryBean : Initialized JPA EntityManagerFactory for persistence unit 'default'
2023-11-15T09:17:55.812-05:00  INFO 2012 --- [           main] o.s.d.j.r.query.QueryEnhancerFactory     : Hibernate is in classpath; If applicable, HQL parser will be used.
2023-11-15T09:17:56.720-05:00  WARN 2012 --- [           main] JpaBaseConfiguration$JpaWebConfiguration : spring.jpa.open-in-view is enabled by default. Therefore, database queries may be performed during view rendering. Explicitly configure spring.jpa.open-in-view to disable this warning
2023-11-15T09:17:57.161-05:00  INFO 2012 --- [           main] c.s.v.ClinicaVeterinariaApplicationTests : Started ClinicaVeterinariaApplicationTests in 16.949 seconds (process running for 18.181)
]]></system-out>
  </testcase>
</testsuite>